<?xml version="1.0" encoding="UTF-8"?>
<!-- Generated by org.testng.reporters.JUnitReportReporter -->
<testsuite hostname="DESKTOP-1PAP7HU" failures="0" tests="8" name="AnosikeKongaProjectTest" time="0.634" errors="1" timestamp="2023-03-22T20:27:18 PDT" skipped="7">
  <testcase classname="AnosikeKongaProjectTest" name="start" time="0.632">
    <error message="Receiver class org.openqa.selenium.edge.EdgeDriverService$Builder does not define or inherit an implementation of the resolved method &#039;abstract java.util.List createArgs()&#039; of abstract class org.openqa.selenium.remote.service.DriverService$Builder." type="java.lang.AbstractMethodError">
      <![CDATA[java.lang.AbstractMethodError: Receiver class org.openqa.selenium.edge.EdgeDriverService$Builder does not define or inherit an implementation of the resolved method 'abstract java.util.List createArgs()' of abstract class org.openqa.selenium.remote.service.DriverService$Builder.
at org.openqa.selenium.remote.service.DriverService$Builder.build(DriverService.java:463)
at org.openqa.selenium.edge.EdgeDriverService.createDefaultService(EdgeDriverService.java:55)
at org.openqa.selenium.edge.EdgeDriver.<init>(EdgeDriver.java:98)
at AnosikeKongaProjectTest.start(AnosikeKongaProjectTest.java:34)
at java.base/jdk.internal.reflect.DirectMethodHandleAccessor.invoke(DirectMethodHandleAccessor.java:104)
at java.base/java.lang.reflect.Method.invoke(Method.java:578)
at org.testng.internal.invokers.MethodInvocationHelper.invokeMethod(MethodInvocationHelper.java:139)
at org.testng.internal.invokers.MethodInvocationHelper.invokeMethodConsideringTimeout(MethodInvocationHelper.java:69)
at org.testng.internal.invokers.ConfigInvoker.invokeConfigurationMethod(ConfigInvoker.java:361)
at org.testng.internal.invokers.ConfigInvoker.invokeConfigurations(ConfigInvoker.java:296)
at org.testng.TestRunner.invokeTestConfigurations(TestRunner.java:644)
at org.testng.TestRunner.beforeRun(TestRunner.java:633)
at org.testng.TestRunner.run(TestRunner.java:595)
at org.testng.SuiteRunner.runTest(SuiteRunner.java:437)
at org.testng.SuiteRunner.runSequentially(SuiteRunner.java:431)
at org.testng.SuiteRunner.privateRun(SuiteRunner.java:391)
at org.testng.SuiteRunner.run(SuiteRunner.java:330)
at org.testng.SuiteRunnerWorker.runSuite(SuiteRunnerWorker.java:52)
at org.testng.SuiteRunnerWorker.run(SuiteRunnerWorker.java:95)
at org.testng.TestNG.runSuitesSequentially(TestNG.java:1256)
at org.testng.TestNG.runSuitesLocally(TestNG.java:1176)
at org.testng.TestNG.runSuites(TestNG.java:1099)
at org.testng.TestNG.run(TestNG.java:1067)
at org.apache.maven.surefire.testng.TestNGExecutor.run(TestNGExecutor.java:77)
at org.apache.maven.surefire.testng.TestNGDirectoryTestSuite.execute(TestNGDirectoryTestSuite.java:110)
at org.apache.maven.surefire.testng.TestNGProvider.invoke(TestNGProvider.java:106)
at java.base/jdk.internal.reflect.DirectMethodHandleAccessor.invoke(DirectMethodHandleAccessor.java:104)
at java.base/java.lang.reflect.Method.invoke(Method.java:578)
at org.apache.maven.surefire.util.ReflectionUtils.invokeMethodWithArray(ReflectionUtils.java:189)
at org.apache.maven.surefire.booter.ProviderFactory$ProviderProxy.invoke(ProviderFactory.java:165)
at org.apache.maven.surefire.booter.ProviderFactory.invokeProvider(ProviderFactory.java:85)
at org.apache.maven.surefire.booter.ForkedBooter.runSuitesInProcess(ForkedBooter.java:115)
at org.apache.maven.surefire.booter.ForkedBooter.main(ForkedBooter.java:75)
]]>
    </error>
  </testcase> <!-- start -->
  <system-out/>
  <testcase classname="AnosikeKongaProjectTest" name="postiveSignup" time="0.000">
    <skipped/>
  </testcase> <!-- postiveSignup -->
  <system-out/>
  <testcase classname="AnosikeKongaProjectTest" name="category" time="0.001">
    <skipped/>
  </testcase> <!-- category -->
  <system-out/>
  <testcase classname="AnosikeKongaProjectTest" name="sellectAppleMacBook" time="0.000">
    <skipped/>
  </testcase> <!-- sellectAppleMacBook -->
  <system-out/>
  <testcase classname="AnosikeKongaProjectTest" name="addtocart" time="0.001">
    <skipped/>
  </testcase> <!-- addtocart -->
  <system-out/>
  <testcase classname="AnosikeKongaProjectTest" name="selectcartitem" time="0.000">
    <skipped/>
  </testcase> <!-- selectcartitem -->
  <system-out/>
  <testcase classname="AnosikeKongaProjectTest" name="addaddress" time="0.000">
    <skipped/>
  </testcase> <!-- addaddress -->
  <system-out/>
  <testcase classname="AnosikeKongaProjectTest" name="filladdressform" time="0.000">
    <skipped/>
  </testcase> <!-- filladdressform -->
  <system-out/>
</testsuite> <!-- AnosikeKongaProjectTest -->
